<?xml version="1.0" encoding="UTF-8"?>
<testng-results ignored="0" total="1" passed="1" failed="0" skipped="0">
  <reporter-output>
  </reporter-output>
  <suite started-at="2024-03-04T21:50:46 IST" name="Default suite" finished-at="2024-03-04T21:51:38 IST" duration-ms="52295">
    <groups>
    </groups>
    <test started-at="2024-03-04T21:50:46 IST" name="Default test" finished-at="2024-03-04T21:51:38 IST" duration-ms="52295">
      <class name="testNG.Datepickerpgm">
        <test-method is-config="true" signature="setup()[pri:0, instance:testNG.Datepickerpgm@7f3b84b8]" started-at="2024-03-04T21:50:46 IST" name="setup" finished-at="2024-03-04T21:51:31 IST" duration-ms="44360" status="PASS">
          <reporter-output>
          </reporter-output>
        </test-method> <!-- setup -->
        <test-method is-config="true" signature="url()[pri:0, instance:testNG.Datepickerpgm@7f3b84b8]" started-at="2024-03-04T21:51:31 IST" name="url" finished-at="2024-03-04T21:51:37 IST" duration-ms="6142" status="PASS">
          <reporter-output>
          </reporter-output>
        </test-method> <!-- url -->
        <test-method signature="testlogin()[pri:0, instance:testNG.Datepickerpgm@7f3b84b8]" started-at="2024-03-04T21:51:37 IST" name="testlogin" finished-at="2024-03-04T21:51:38 IST" duration-ms="1589" status="PASS">
          <reporter-output>
          </reporter-output>
        </test-method> <!-- testlogin -->
      </class> <!-- testNG.Datepickerpgm -->
    </test> <!-- Default test -->
  </suite> <!-- Default suite -->
</testng-results>
